[debug] [2026-03-01T20:58:44.247Z] ----------------------------------------------------------------------
[debug] [2026-03-01T20:58:44.248Z] Command:       /home/warforged/.local/share/mise/installs/node/25.2.1/bin/node /home/warforged/.local/share/mise/installs/node/25.2.1/bin/firebase emulators:start --only functions
[debug] [2026-03-01T20:58:44.248Z] CLI Version:   15.8.0
[debug] [2026-03-01T20:58:44.248Z] Platform:      linux
[debug] [2026-03-01T20:58:44.248Z] Node Version:  v25.2.1
[debug] [2026-03-01T20:58:44.248Z] Time:          Sun Mar 01 2026 15:58:44 GMT-0500 (Eastern Standard Time)
[debug] [2026-03-01T20:58:44.248Z] ----------------------------------------------------------------------
[debug] 
[debug] [2026-03-01T20:58:44.572Z] > command requires scopes: ["email","openid","https://www.googleapis.com/auth/cloudplatformprojects.readonly","https://www.googleapis.com/auth/firebase","https://www.googleapis.com/auth/cloud-platform"]
[debug] [2026-03-01T20:58:44.573Z] > authorizing via signed-in user (fournier.chase2@gmail.com)
[info] i  emulators: Starting emulators: functions {"metadata":{"emulator":{"name":"hub"},"message":"Starting emulators: functions"}}
[debug] [2026-03-01T20:58:44.578Z] [logging] Logging Emulator only supports listening on one address (127.0.0.1). Not listening on ::1
[debug] [2026-03-01T20:58:44.578Z] assigned listening specs for emulators {"user":{"hub":[{"address":"127.0.0.1","family":"IPv4","port":4400},{"address":"::1","family":"IPv6","port":4400}],"ui":[{"address":"127.0.0.1","family":"IPv4","port":4000},{"address":"::1","family":"IPv6","port":4000}],"logging":[{"address":"127.0.0.1","family":"IPv4","port":4500}]},"metadata":{"message":"assigned listening specs for emulators"}}
[debug] [2026-03-01T20:58:44.579Z] Write emulator hub locator at /tmp/hub-pnaa-chapter-management.json
[debug] [2026-03-01T20:58:44.582Z] [functions] Functions Emulator only supports listening on one address (127.0.0.1). Not listening on ::1
[debug] [2026-03-01T20:58:44.582Z] [eventarc] Eventarc Emulator only supports listening on one address (127.0.0.1). Not listening on ::1
[debug] [2026-03-01T20:58:44.582Z] [tasks] Cloud Tasks Emulator only supports listening on one address (127.0.0.1). Not listening on ::1
[debug] [2026-03-01T20:58:44.582Z] late-assigned ports for functions and eventarc emulators {"user":{"hub":[{"address":"127.0.0.1","family":"IPv4","port":4400},{"address":"::1","family":"IPv6","port":4400}],"ui":[{"address":"127.0.0.1","family":"IPv4","port":4000},{"address":"::1","family":"IPv6","port":4000}],"logging":[{"address":"127.0.0.1","family":"IPv4","port":4500}],"functions":[{"address":"127.0.0.1","family":"IPv4","port":5001}],"eventarc":[{"address":"127.0.0.1","family":"IPv4","port":9299}],"tasks":[{"address":"127.0.0.1","family":"IPv4","port":9499}]},"metadata":{"message":"late-assigned ports for functions and eventarc emulators"}}
[warn] ⚠  functions: The following emulators are not running, calls to these services from the Functions emulator will affect production: apphosting, auth, firestore, database, hosting, pubsub, storage, dataconnect {"metadata":{"emulator":{"name":"functions"},"message":"The following emulators are not running, calls to these services from the Functions emulator will affect production: \u001b[1mapphosting, auth, firestore, database, hosting, pubsub, storage, dataconnect\u001b[22m"}}
[warn] ⚠  functions: Application Default Credentials detected. Non-emulated services will access production using these credentials. Be careful! {"metadata":{"emulator":{"name":"functions"},"message":"Application Default Credentials detected. Non-emulated services will access production using these credentials. Be careful!"}}
[debug] [2026-03-01T20:58:44.585Z] Checked if tokens are valid: true, expires at: 1772401896988
[debug] [2026-03-01T20:58:44.585Z] Checked if tokens are valid: true, expires at: 1772401896988
[debug] [2026-03-01T20:58:44.586Z] >>> [apiv2][query] GET https://firebase.googleapis.com/v1beta1/projects/pnaa-chapter-management/adminSdkConfig [none]
[debug] [2026-03-01T20:58:44.733Z] <<< [apiv2][status] GET https://firebase.googleapis.com/v1beta1/projects/pnaa-chapter-management/adminSdkConfig 403
[debug] [2026-03-01T20:58:44.733Z] <<< [apiv2][body] GET https://firebase.googleapis.com/v1beta1/projects/pnaa-chapter-management/adminSdkConfig {"error":{"code":403,"message":"The caller does not have permission","status":"PERMISSION_DENIED"}}
[debug] [2026-03-01T20:58:44.733Z] Failed to get Admin SDK config for pnaa-chapter-management, falling back to cache Failed to get Admin SDK for Firebase project pnaa-chapter-management. Please make sure the project exists and your account has permission to access it. {"name":"FirebaseError","children":[],"exit":2,"message":"Failed to get Admin SDK for Firebase project pnaa-chapter-management. Please make sure the project exists and your account has permission to access it.","original":{"name":"FirebaseError","children":[],"context":{"body":{"error":{"code":403,"message":"The caller does not have permission","status":"PERMISSION_DENIED"}},"response":{"statusCode":403}},"exit":1,"message":"Request to https://firebase.googleapis.com/v1beta1/projects/pnaa-chapter-management/adminSdkConfig had HTTP Error: 403, The caller does not have permission","status":403},"status":500}
[warn] ⚠  functions: Unable to fetch project Admin SDK configuration, Admin SDK behavior in Cloud Functions emulator may be incorrect. {"metadata":{"emulator":{"name":"functions"},"message":"Unable to fetch project Admin SDK configuration, Admin SDK behavior in Cloud Functions emulator may be incorrect."}}
[info] i  functions: Watching "/home/warforged/Documents/PNAA/philippine-nurses-association-of-america/functions" for Cloud Functions... {"metadata":{"emulator":{"name":"functions"},"message":"Watching \"/home/warforged/Documents/PNAA/philippine-nurses-association-of-america/functions\" for Cloud Functions..."}}
[debug] [2026-03-01T20:58:44.740Z] Validating nodejs source
[warn] ⚠  functions: package.json indicates an outdated version of firebase-functions. Please upgrade using npm install --save firebase-functions@latest in your functions directory. 
[warn] ⚠  functions: Please note that there will be breaking changes when you upgrade. 
[debug] [2026-03-01T20:58:44.939Z] > [functions] package.json contents: {
  "name": "pnaa-functions",
  "version": "1.0.0",
  "description": "PNAA Cloud Functions for Wild Apricot sync",
  "main": "lib/index.js",
  "scripts": {
    "build": "tsc",
    "serve": "npm run build && firebase emulators:start --only functions",
    "deploy": "firebase deploy --only functions"
  },
  "engines": {
    "node": "20"
  },
  "dependencies": {
    "firebase-admin": "^13.0.0",
    "firebase-functions": "^6.3.0",
    "node-fetch": "^2.7.0"
  },
  "devDependencies": {
    "@types/node": "^20.19.35",
    "typescript": "^5.7.0"
  },
  "private": true
}
[debug] [2026-03-01T20:58:44.939Z] Building nodejs source
[debug] [2026-03-01T20:58:44.939Z] Failed to find version of module node: reached end of search path /home/warforged/Documents/PNAA/philippine-nurses-association-of-america/functions/node_modules
[warn] ⚠  functions: Your requested "node" version "20" doesn't match your global version "25". Using node@25 from host. 
[info] i  functions: Loaded environment variables from .env. 
[debug] [2026-03-01T20:58:44.941Z] Could not find functions.yaml. Must use http discovery
[debug] [2026-03-01T20:58:44.942Z] Found firebase-functions binary at '/home/warforged/Documents/PNAA/philippine-nurses-association-of-america/functions/node_modules/.bin/firebase-functions'
[info] Serving at port 8698

[debug] [2026-03-01T20:58:45.071Z] Got response from /__/functions.yaml {"endpoints":{"syncMembers":{"availableMemoryMb":null,"timeoutSeconds":300,"minInstances":null,"maxInstances":null,"ingressSettings":null,"concurrency":null,"serviceAccountEmail":null,"vpc":null,"platform":"gcfv2","labels":{},"scheduleTrigger":{"schedule":"every 1 minutes","retryConfig":{}},"entryPoint":"syncMembers"},"syncEvents":{"availableMemoryMb":null,"timeoutSeconds":300,"minInstances":null,"maxInstances":null,"ingressSettings":null,"concurrency":null,"serviceAccountEmail":null,"vpc":null,"platform":"gcfv2","labels":{},"scheduleTrigger":{"schedule":"every 1 minutes","retryConfig":{}},"entryPoint":"syncEvents"},"updateMembers":{"availableMemoryMb":null,"timeoutSeconds":null,"minInstances":null,"maxInstances":null,"ingressSettings":null,"concurrency":null,"serviceAccountEmail":null,"vpc":null,"platform":"gcfv2","labels":{},"scheduleTrigger":{"schedule":"every day 02:00","retryConfig":{},"timeZone":"America/New_York"},"entryPoint":"updateMembers"},"createUser":{"availableMemoryMb":null,"timeoutSeconds":null,"minInstances":null,"maxInstances":null,"ingressSettings":null,"concurrency":null,"serviceAccountEmail":null,"vpc":null,"platform":"gcfv2","labels":{},"callableTrigger":{},"entryPoint":"createUser"}},"specVersion":"v1alpha1","requiredAPIs":[{"api":"cloudscheduler.googleapis.com","reason":"Needed for scheduled functions."}],"extensions":{},"params":[{"name":"WILD_APRICOT_API_KEY","type":"string"},{"name":"WILD_APRICOT_ACCOUNT_ID","type":"string"}]}
[info] ✔  functions: Loaded functions definitions from source: syncMembers, syncEvents, updateMembers, createUser. {"metadata":{"emulator":{"name":"functions"},"message":"Loaded functions definitions from source: syncMembers, syncEvents, updateMembers, createUser."}}
[info] i  functions[us-central1-syncMembers]: function ignored because the pubsub emulator does not exist or is not running. {"metadata":{"emulator":{"name":"functions"},"message":"function ignored because the pubsub emulator does not exist or is not running."}}
[info] i  functions[us-central1-syncEvents]: function ignored because the pubsub emulator does not exist or is not running. {"metadata":{"emulator":{"name":"functions"},"message":"function ignored because the pubsub emulator does not exist or is not running."}}
[info] i  functions[us-central1-updateMembers]: function ignored because the pubsub emulator does not exist or is not running. {"metadata":{"emulator":{"name":"functions"},"message":"function ignored because the pubsub emulator does not exist or is not running."}}
[info] ✔  functions[us-central1-createUser]: http function initialized (http://127.0.0.1:5001/pnaa-chapter-management/us-central1/createUser). {"metadata":{"emulator":{"name":"functions"},"message":"\u001b[1mhttp\u001b[22m function initialized (http://127.0.0.1:5001/pnaa-chapter-management/us-central1/createUser)."}}
[debug] [2026-03-01T20:58:49.090Z] Could not find VSCode notification endpoint: FetchError: request to http://localhost:40001/vscode/notify failed, reason: . If you are not running the Firebase Data Connect VSCode extension, this is expected and not an issue.
[info] 
┌─────────────────────────────────────────────────────────────┐
│ ✔  All emulators ready! It is now safe to connect your app. │
│ i  View Emulator UI at http://127.0.0.1:4000/               │
└─────────────────────────────────────────────────────────────┘

┌───────────┬────────────────┬─────────────────────────────────┐
│ Emulator  │ Host:Port      │ View in Emulator UI             │
├───────────┼────────────────┼─────────────────────────────────┤
│ Functions │ 127.0.0.1:5001 │ http://127.0.0.1:4000/functions │
└───────────┴────────────────┴─────────────────────────────────┘
  Emulator Hub host: 127.0.0.1 port: 4400
  Other reserved ports: 4500

Issues? Report them at https://github.com/firebase/firebase-tools/issues and attach the *-debug.log files.
 
[debug] [2026-03-01T20:58:56.622Z] [work-queue] {"queuedWork":["/pnaa-chapter-management/us-central1/syncEvents-0-2026-03-01T20:58:56.622Z"],"queueLength":1,"runningWork":[],"workRunningCount":0}
[debug] [2026-03-01T20:58:56.623Z] [work-queue] {"queuedWork":[],"queueLength":0,"runningWork":["/pnaa-chapter-management/us-central1/syncEvents-0-2026-03-01T20:58:56.622Z"],"workRunningCount":1}
[debug] [2026-03-01T20:58:56.623Z] Accepted request POST /pnaa-chapter-management/us-central1/syncEvents-0 --> us-central1-syncEvents-0
[debug] [2026-03-01T20:58:56.623Z] [functions] Runtime ready! Sending request! {"metadata":{"emulator":{"name":"functions"},"message":"[functions] Runtime ready! Sending request!"}}
[debug] [2026-03-01T20:58:56.623Z] [functions] Got req.url=/pnaa-chapter-management/us-central1/syncEvents-0, mapping to path=/ {"metadata":{"emulator":{"name":"functions"},"message":"[functions] Got req.url=/pnaa-chapter-management/us-central1/syncEvents-0, mapping to path=/"}}
[info] i  functions: Loaded environment variables from .env. 
[debug] [2026-03-01T20:58:56.627Z] [worker-pool] addWorker(us-central1-syncEvents) {"metadata":{"emulator":{"name":"functions"},"message":"[worker-pool] addWorker(us-central1-syncEvents)"}}
[debug] [2026-03-01T20:58:56.627Z] [worker-pool] Adding worker with key us-central1-syncEvents, total=1 {"metadata":{"emulator":{"name":"functions"},"message":"[worker-pool] Adding worker with key us-central1-syncEvents, total=1"}}
[debug] [2026-03-01T20:58:56.883Z] [runtime-status] [136601] Resolved module firebase-admin {"declared":true,"installed":true,"version":"13.7.0","resolution":"/home/warforged/Documents/PNAA/philippine-nurses-association-of-america/functions/node_modules/firebase-admin/lib/index.js"} {"metadata":{"emulator":{"name":"functions"},"function":{"name":"us-central1-syncEvents"},"extension":{},"message":"[runtime-status] [136601] Resolved module firebase-admin {\"declared\":true,\"installed\":true,\"version\":\"13.7.0\",\"resolution\":\"/home/warforged/Documents/PNAA/philippine-nurses-association-of-america/functions/node_modules/firebase-admin/lib/index.js\"}"}}
[debug] [2026-03-01T20:58:56.883Z] [runtime-status] [136601] Resolved module firebase-functions {"declared":true,"installed":true,"version":"6.6.0","resolution":"/home/warforged/Documents/PNAA/philippine-nurses-association-of-america/functions/node_modules/firebase-functions/lib/v2/index.js"} {"metadata":{"emulator":{"name":"functions"},"function":{"name":"us-central1-syncEvents"},"extension":{},"message":"[runtime-status] [136601] Resolved module firebase-functions {\"declared\":true,\"installed\":true,\"version\":\"6.6.0\",\"resolution\":\"/home/warforged/Documents/PNAA/philippine-nurses-association-of-america/functions/node_modules/firebase-functions/lib/v2/index.js\"}"}}
[debug] [2026-03-01T20:58:56.883Z] [runtime-status] [136601] Outgoing network have been stubbed. [{"name":"http","status":"mocked"},{"name":"http","status":"mocked"},{"name":"https","status":"mocked"},{"name":"https","status":"mocked"},{"name":"net","status":"mocked"}] {"metadata":{"emulator":{"name":"functions"},"function":{"name":"us-central1-syncEvents"},"extension":{},"message":"[runtime-status] [136601] Outgoing network have been stubbed. [{\"name\":\"http\",\"status\":\"mocked\"},{\"name\":\"http\",\"status\":\"mocked\"},{\"name\":\"https\",\"status\":\"mocked\"},{\"name\":\"https\",\"status\":\"mocked\"},{\"name\":\"net\",\"status\":\"mocked\"}]"}}
[debug] [2026-03-01T20:58:56.883Z] [runtime-status] [136601] Resolved module firebase-functions {"declared":true,"installed":true,"version":"6.6.0","resolution":"/home/warforged/Documents/PNAA/philippine-nurses-association-of-america/functions/node_modules/firebase-functions/lib/v2/index.js"} {"metadata":{"emulator":{"name":"functions"},"function":{"name":"us-central1-syncEvents"},"extension":{},"message":"[runtime-status] [136601] Resolved module firebase-functions {\"declared\":true,\"installed\":true,\"version\":\"6.6.0\",\"resolution\":\"/home/warforged/Documents/PNAA/philippine-nurses-association-of-america/functions/node_modules/firebase-functions/lib/v2/index.js\"}"}}
[debug] [2026-03-01T20:58:56.923Z] [runtime-status] [136601] Resolved module firebase-admin {"declared":true,"installed":true,"version":"13.7.0","resolution":"/home/warforged/Documents/PNAA/philippine-nurses-association-of-america/functions/node_modules/firebase-admin/lib/index.js"} {"metadata":{"emulator":{"name":"functions"},"function":{"name":"us-central1-syncEvents"},"extension":{},"message":"[runtime-status] [136601] Resolved module firebase-admin {\"declared\":true,\"installed\":true,\"version\":\"13.7.0\",\"resolution\":\"/home/warforged/Documents/PNAA/philippine-nurses-association-of-america/functions/node_modules/firebase-admin/lib/index.js\"}"}}
[debug] [2026-03-01T20:58:56.923Z] [runtime-status] [136601] Resolved module firebase-functions {"declared":true,"installed":true,"version":"6.6.0","resolution":"/home/warforged/Documents/PNAA/philippine-nurses-association-of-america/functions/node_modules/firebase-functions/lib/v2/index.js"} {"metadata":{"emulator":{"name":"functions"},"function":{"name":"us-central1-syncEvents"},"extension":{},"message":"[runtime-status] [136601] Resolved module firebase-functions {\"declared\":true,\"installed\":true,\"version\":\"6.6.0\",\"resolution\":\"/home/warforged/Documents/PNAA/philippine-nurses-association-of-america/functions/node_modules/firebase-functions/lib/v2/index.js\"}"}}
[debug] [2026-03-01T20:58:56.956Z] [runtime-status] [136601] firebase-admin has been stubbed. {"adminResolution":{"declared":true,"installed":true,"version":"13.7.0","resolution":"/home/warforged/Documents/PNAA/philippine-nurses-association-of-america/functions/node_modules/firebase-admin/lib/index.js"}} {"metadata":{"emulator":{"name":"functions"},"function":{"name":"us-central1-syncEvents"},"extension":{},"message":"[runtime-status] [136601] firebase-admin has been stubbed. {\"adminResolution\":{\"declared\":true,\"installed\":true,\"version\":\"13.7.0\",\"resolution\":\"/home/warforged/Documents/PNAA/philippine-nurses-association-of-america/functions/node_modules/firebase-admin/lib/index.js\"}}"}}
[debug] [2026-03-01T20:58:56.960Z] [runtime-status] [136601] Functions runtime initialized. {"cwd":"/home/warforged/Documents/PNAA/philippine-nurses-association-of-america/functions","node_version":"25.2.1"} {"metadata":{"emulator":{"name":"functions"},"function":{"name":"us-central1-syncEvents"},"extension":{},"message":"[runtime-status] [136601] Functions runtime initialized. {\"cwd\":\"/home/warforged/Documents/PNAA/philippine-nurses-association-of-america/functions\",\"node_version\":\"25.2.1\"}"}}
[debug] [2026-03-01T20:58:56.960Z] [runtime-status] [136601] Listening to port: /tmp/fire_emu_47f02d7780f41d8a.sock {"metadata":{"emulator":{"name":"functions"},"function":{"name":"us-central1-syncEvents"},"extension":{},"message":"[runtime-status] [136601] Listening to port: /tmp/fire_emu_47f02d7780f41d8a.sock"}}
[debug] [2026-03-01T20:58:57.033Z] [worker-us-central1-syncEvents-28ec803e-c0eb-4c77-a01f-b477796dcc2f]: IDLE {"metadata":{"emulator":{"name":"functions"},"function":{"name":"us-central1-syncEvents"},"extension":{},"message":"[worker-us-central1-syncEvents-28ec803e-c0eb-4c77-a01f-b477796dcc2f]: IDLE"}}
[debug] [2026-03-01T20:58:57.033Z] [worker-pool] submitRequest(triggerId=us-central1-syncEvents) {"metadata":{"emulator":{"name":"functions"},"message":"[worker-pool] submitRequest(triggerId=us-central1-syncEvents)"}}
[info] i  functions: Beginning execution of "us-central1-syncEvents" {"metadata":{"emulator":{"name":"functions"},"function":{"name":"us-central1-syncEvents"},"extension":{},"message":"Beginning execution of \"us-central1-syncEvents\""}}
[debug] [2026-03-01T20:58:57.034Z] [worker-us-central1-syncEvents-28ec803e-c0eb-4c77-a01f-b477796dcc2f]: BUSY {"metadata":{"emulator":{"name":"functions"},"function":{"name":"us-central1-syncEvents"},"extension":{},"message":"[worker-us-central1-syncEvents-28ec803e-c0eb-4c77-a01f-b477796dcc2f]: BUSY"}}
[info] >  syncEvents: 100 new events added, 0 skipped (already exist) {"user":"syncEvents: 100 new events added, 0 skipped (already exist)","metadata":{"emulator":{"name":"functions"},"function":{"name":"us-central1-syncEvents"},"extension":{},"message":"\u001b[90m> \u001b[39m syncEvents: 100 new events added, 0 skipped (already exist)"}}
[debug] [2026-03-01T20:59:05.266Z] Finishing up request with event=pause {"metadata":{"emulator":{"name":"functions"},"function":{"name":"us-central1-syncEvents"},"extension":{},"message":"Finishing up request with event=pause"}}
[info] i  functions: Finished "us-central1-syncEvents" in 8231.917972ms {"metadata":{"emulator":{"name":"functions"},"function":{"name":"us-central1-syncEvents"},"extension":{},"message":"Finished \"us-central1-syncEvents\" in 8231.917972ms"}}
[debug] [2026-03-01T20:59:05.266Z] [worker-us-central1-syncEvents-28ec803e-c0eb-4c77-a01f-b477796dcc2f]: IDLE {"metadata":{"emulator":{"name":"functions"},"function":{"name":"us-central1-syncEvents"},"extension":{},"message":"[worker-us-central1-syncEvents-28ec803e-c0eb-4c77-a01f-b477796dcc2f]: IDLE"}}
[debug] [2026-03-01T20:59:05.267Z] Finishing up request with event=finish {"metadata":{"emulator":{"name":"functions"},"function":{"name":"us-central1-syncEvents"},"extension":{},"message":"Finishing up request with event=finish"}}
[debug] [2026-03-01T20:59:05.267Z] Finishing up request with event=close {"metadata":{"emulator":{"name":"functions"},"function":{"name":"us-central1-syncEvents"},"extension":{},"message":"Finishing up request with event=close"}}
[debug] [2026-03-01T20:59:05.267Z] [work-queue] {"queuedWork":[],"queueLength":0,"runningWork":[],"workRunningCount":0}
